<?xml version="1.0" encoding="UTF-8"?>
<testng-results skipped="0" failed="0" ignored="0" total="1" passed="1">
  <reporter-output>
  </reporter-output>
  <suite name="Default suite" duration-ms="32458" started-at="2022-11-23T19:09:19 IST" finished-at="2022-11-23T19:09:52 IST">
    <groups>
    </groups>
    <test name="Default test" duration-ms="32458" started-at="2022-11-23T19:09:19 IST" finished-at="2022-11-23T19:09:52 IST">
      <class name="movieValidation.MovieValidation">
        <test-method status="PASS" signature="movieValidation()[pri:0, instance:movieValidation.MovieValidation@27a8c74e]" name="movieValidation" duration-ms="32248" started-at="2022-11-23T19:09:19 IST" finished-at="2022-11-23T19:09:52 IST">
          <reporter-output>
          </reporter-output>
        </test-method> <!-- movieValidation -->
      </class> <!-- movieValidation.MovieValidation -->
    </test> <!-- Default test -->
  </suite> <!-- Default suite -->
</testng-results>
